[2023-03-16 03:32:13] local.ERROR: SQLSTATE[42S02]: Base table or view not found: 1146 Table 'login_auth.users' doesn't exist (Connection: mysql, SQL: select count(*) as aggregate from `users` where `email` = x@gmail.com) {"exception":"[object] (Illuminate\\Database\\QueryException(code: 42S02): SQLSTATE[42S02]: Base table or view not found: 1146 Table 'login_auth.users' doesn't exist (Connection: mysql, SQL: select count(*) as aggregate from `users` where `email` = x@gmail.com) at /home/cuk/project/web/sekolah/WS_WEB/Minggu_6/login_auth/vendor/laravel/framework/src/Illuminate/Database/Connection.php:760)
[stacktrace]
#0 /home/cuk/project/web/sekolah/WS_WEB/Minggu_6/login_auth/vendor/laravel/framework/src/Illuminate/Database/Connection.php(720): Illuminate\\Database\\Connection->runQueryCallback()
#1 /home/cuk/project/web/sekolah/WS_WEB/Minggu_6/login_auth/vendor/laravel/framework/src/Illuminate/Database/Connection.php(405): Illuminate\\Database\\Connection->run()
#2 /home/cuk/project/web/sekolah/WS_WEB/Minggu_6/login_auth/vendor/laravel/framework/src/Illuminate/Database/Query/Builder.php(2718): Illuminate\\Database\\Connection->select()
#3 /home/cuk/project/web/sekolah/WS_WEB/Minggu_6/login_auth/vendor/laravel/framework/src/Illuminate/Database/Query/Builder.php(2707): Illuminate\\Database\\Query\\Builder->runSelect()
#4 /home/cuk/project/web/sekolah/WS_WEB/Minggu_6/login_auth/vendor/laravel/framework/src/Illuminate/Database/Query/Builder.php(3247): Illuminate\\Database\\Query\\Builder->Illuminate\\Database\\Query\\{closure}()
#5 /home/cuk/project/web/sekolah/WS_WEB/Minggu_6/login_auth/vendor/laravel/framework/src/Illuminate/Database/Query/Builder.php(2706): Illuminate\\Database\\Query\\Builder->onceWithColumns()
#6 /home/cuk/project/web/sekolah/WS_WEB/Minggu_6/login_auth/vendor/laravel/framework/src/Illuminate/Database/Query/Builder.php(3174): Illuminate\\Database\\Query\\Builder->get()
#7 /home/cuk/project/web/sekolah/WS_WEB/Minggu_6/login_auth/vendor/laravel/framework/src/Illuminate/Database/Query/Builder.php(3102): Illuminate\\Database\\Query\\Builder->aggregate()
#8 /home/cuk/project/web/sekolah/WS_WEB/Minggu_6/login_auth/vendor/laravel/framework/src/Illuminate/Validation/DatabasePresenceVerifier.php(54): Illuminate\\Database\\Query\\Builder->count()
#9 /home/cuk/project/web/sekolah/WS_WEB/Minggu_6/login_auth/vendor/laravel/framework/src/Illuminate/Validation/Concerns/ValidatesAttributes.php(925): Illuminate\\Validation\\DatabasePresenceVerifier->getCount()
#10 /home/cuk/project/web/sekolah/WS_WEB/Minggu_6/login_auth/vendor/laravel/framework/src/Illuminate/Validation/Validator.php(616): Illuminate\\Validation\\Validator->validateUnique()
#11 /home/cuk/project/web/sekolah/WS_WEB/Minggu_6/login_auth/vendor/laravel/framework/src/Illuminate/Validation/Validator.php(422): Illuminate\\Validation\\Validator->validateAttribute()
#12 /home/cuk/project/web/sekolah/WS_WEB/Minggu_6/login_auth/vendor/laravel/framework/src/Illuminate/Validation/Validator.php(453): Illuminate\\Validation\\Validator->passes()
#13 /home/cuk/project/web/sekolah/WS_WEB/Minggu_6/login_auth/vendor/laravel/framework/src/Illuminate/Validation/Validator.php(495): Illuminate\\Validation\\Validator->fails()
#14 /home/cuk/project/web/sekolah/WS_WEB/Minggu_6/login_auth/vendor/laravel/framework/src/Illuminate/Foundation/Providers/FoundationServiceProvider.php(122): Illuminate\\Validation\\Validator->validate()
#15 /home/cuk/project/web/sekolah/WS_WEB/Minggu_6/login_auth/vendor/laravel/framework/src/Illuminate/Macroable/Traits/Macroable.php(124): Illuminate\\Http\\Request->Illuminate\\Foundation\\Providers\\{closure}()
#16 /home/cuk/project/web/sekolah/WS_WEB/Minggu_6/login_auth/app/Http/Controllers/Auth/RegisteredUserController.php(33): Illuminate\\Http\\Request->__call()
#17 /home/cuk/project/web/sekolah/WS_WEB/Minggu_6/login_auth/vendor/laravel/framework/src/Illuminate/Routing/Controller.php(54): App\\Http\\Controllers\\Auth\\RegisteredUserController->store()
#18 /home/cuk/project/web/sekolah/WS_WEB/Minggu_6/login_auth/vendor/laravel/framework/src/Illuminate/Routing/ControllerDispatcher.php(43): Illuminate\\Routing\\Controller->callAction()
#19 /home/cuk/project/web/sekolah/WS_WEB/Minggu_6/login_auth/vendor/laravel/framework/src/Illuminate/Routing/Route.php(259): Illuminate\\Routing\\ControllerDispatcher->dispatch()
#20 /home/cuk/project/web/sekolah/WS_WEB/Minggu_6/login_auth/vendor/laravel/framework/src/Illuminate/Routing/Route.php(205): Illuminate\\Routing\\Route->runController()
#21 /home/cuk/project/web/sekolah/WS_WEB/Minggu_6/login_auth/vendor/laravel/framework/src/Illuminate/Routing/Router.php(798): Illuminate\\Routing\\Route->run()
#22 /home/cuk/project/web/sekolah/WS_WEB/Minggu_6/login_auth/vendor/laravel/framework/src/Illuminate/Pipeline/Pipeline.php(141): Illuminate\\Routing\\Router->Illuminate\\Routing\\{closure}()
#23 /home/cuk/project/web/sekolah/WS_WEB/Minggu_6/login_auth/app/Http/Middleware/RedirectIfAuthenticated.php(28): Illuminate\\Pipeline\\Pipeline->Illuminate\\Pipeline\\{closure}()
#24 /home/cuk/project/web/sekolah/WS_WEB/Minggu_6/login_auth/vendor/laravel/framework/src/Illuminate/Pipeline/Pipeline.php(180): App\\Http\\Middleware\\RedirectIfAuthenticated->handle()
#25 /home/cuk/project/web/sekolah/WS_WEB/Minggu_6/login_auth/vendor/laravel/framework/src/Illuminate/Routing/Middleware/SubstituteBindings.php(50): Illuminate\\Pipeline\\Pipeline->Illuminate\\Pipeline\\{closure}()
#26 /home/cuk/project/web/sekolah/WS_WEB/Minggu_6/login_auth/vendor/laravel/framework/src/Illuminate/Pipeline/Pipeline.php(180): Illuminate\\Routing\\Middleware\\SubstituteBindings->handle()
#27 /home/cuk/project/web/sekolah/WS_WEB/Minggu_6/login_auth/vendor/laravel/framework/src/Illuminate/Foundation/Http/Middleware/VerifyCsrfToken.php(78): Illuminate\\Pipeline\\Pipeline->Illuminate\\Pipeline\\{closure}()
#28 /home/cuk/project/web/sekolah/WS_WEB/Minggu_6/login_auth/vendor/laravel/framework/src/Illuminate/Pipeline/Pipeline.php(180): Illuminate\\Foundation\\Http\\Middleware\\VerifyCsrfToken->handle()
#29 /home/cuk/project/web/sekolah/WS_WEB/Minggu_6/login_auth/vendor/laravel/framework/src/Illuminate/View/Middleware/ShareErrorsFromSession.php(49): Illuminate\\Pipeline\\Pipeline->Illuminate\\Pipeline\\{closure}()
#30 /home/cuk/project/web/sekolah/WS_WEB/Minggu_6/login_auth/vendor/laravel/framework/src/Illuminate/Pipeline/Pipeline.php(180): Illuminate\\View\\Middleware\\ShareErrorsFromSession->handle()
#31 /home/cuk/project/web/sekolah/WS_WEB/Minggu_6/login_auth/vendor/laravel/framework/src/Illuminate/Session/Middleware/StartSession.php(121): Illuminate\\Pipeline\\Pipeline->Illuminate\\Pipeline\\{closure}()
#32 /home/cuk/project/web/sekolah/WS_WEB/Minggu_6/login_auth/vendor/laravel/framework/src/Illuminate/Session/Middleware/StartSession.php(64): Illuminate\\Session\\Middleware\\StartSession->handleStatefulRequest()
#33 /home/cuk/project/web/sekolah/WS_WEB/Minggu_6/login_auth/vendor/laravel/framework/src/Illuminate/Pipeline/Pipeline.php(180): Illuminate\\Session\\Middleware\\StartSession->handle()
#34 /home/cuk/project/web/sekolah/WS_WEB/Minggu_6/login_auth/vendor/laravel/framework/src/Illuminate/Cookie/Middleware/AddQueuedCookiesToResponse.php(37): Illuminate\\Pipeline\\Pipeline->Illuminate\\Pipeline\\{closure}()
#35 /home/cuk/project/web/sekolah/WS_WEB/Minggu_6/login_auth/vendor/laravel/framework/src/Illuminate/Pipeline/Pipeline.php(180): Illuminate\\Cookie\\Middleware\\AddQueuedCookiesToResponse->handle()
#36 /home/cuk/project/web/sekolah/WS_WEB/Minggu_6/login_auth/vendor/laravel/framework/src/Illuminate/Cookie/Middleware/EncryptCookies.php(67): Illuminate\\Pipeline\\Pipeline->Illuminate\\Pipeline\\{closure}()
#37 /home/cuk/project/web/sekolah/WS_WEB/Minggu_6/login_auth/vendor/laravel/framework/src/Illuminate/Pipeline/Pipeline.php(180): Illuminate\\Cookie\\Middleware\\EncryptCookies->handle()
#38 /home/cuk/project/web/sekolah/WS_WEB/Minggu_6/login_auth/vendor/laravel/framework/src/Illuminate/Pipeline/Pipeline.php(116): Illuminate\\Pipeline\\Pipeline->Illuminate\\Pipeline\\{closure}()
#39 /home/cuk/project/web/sekolah/WS_WEB/Minggu_6/login_auth/vendor/laravel/framework/src/Illuminate/Routing/Router.php(797): Illuminate\\Pipeline\\Pipeline->then()
#40 /home/cuk/project/web/sekolah/WS_WEB/Minggu_6/login_auth/vendor/laravel/framework/src/Illuminate/Routing/Router.php(776): Illuminate\\Routing\\Router->runRouteWithinStack()
#41 /home/cuk/project/web/sekolah/WS_WEB/Minggu_6/login_auth/vendor/laravel/framework/src/Illuminate/Routing/Router.php(740): Illuminate\\Routing\\Router->runRoute()
#42 /home/cuk/project/web/sekolah/WS_WEB/Minggu_6/login_auth/vendor/laravel/framework/src/Illuminate/Routing/Router.php(729): Illuminate\\Routing\\Router->dispatchToRoute()
#43 /home/cuk/project/web/sekolah/WS_WEB/Minggu_6/login_auth/vendor/laravel/framework/src/Illuminate/Foundation/Http/Kernel.php(200): Illuminate\\Routing\\Router->dispatch()
#44 /home/cuk/project/web/sekolah/WS_WEB/Minggu_6/login_auth/vendor/laravel/framework/src/Illuminate/Pipeline/Pipeline.php(141): Illuminate\\Foundation\\Http\\Kernel->Illuminate\\Foundation\\Http\\{closure}()
#45 /home/cuk/project/web/sekolah/WS_WEB/Minggu_6/login_auth/vendor/laravel/framework/src/Illuminate/Foundation/Http/Middleware/TransformsRequest.php(21): Illuminate\\Pipeline\\Pipeline->Illuminate\\Pipeline\\{closure}()
#46 /home/cuk/project/web/sekolah/WS_WEB/Minggu_6/login_auth/vendor/laravel/framework/src/Illuminate/Foundation/Http/Middleware/ConvertEmptyStringsToNull.php(31): Illuminate\\Foundation\\Http\\Middleware\\TransformsRequest->handle()
#47 /home/cuk/project/web/sekolah/WS_WEB/Minggu_6/login_auth/vendor/laravel/framework/src/Illuminate/Pipeline/Pipeline.php(180): Illuminate\\Foundation\\Http\\Middleware\\ConvertEmptyStringsToNull->handle()
#48 /home/cuk/project/web/sekolah/WS_WEB/Minggu_6/login_auth/vendor/laravel/framework/src/Illuminate/Foundation/Http/Middleware/TransformsRequest.php(21): Illuminate\\Pipeline\\Pipeline->Illuminate\\Pipeline\\{closure}()
#49 /home/cuk/project/web/sekolah/WS_WEB/Minggu_6/login_auth/vendor/laravel/framework/src/Illuminate/Foundation/Http/Middleware/TrimStrings.php(40): Illuminate\\Foundation\\Http\\Middleware\\TransformsRequest->handle()
#50 /home/cuk/project/web/sekolah/WS_WEB/Minggu_6/login_auth/vendor/laravel/framework/src/Illuminate/Pipeline/Pipeline.php(180): Illuminate\\Foundation\\Http\\Middleware\\TrimStrings->handle()
#51 /home/cuk/project/web/sekolah/WS_WEB/Minggu_6/login_auth/vendor/laravel/framework/src/Illuminate/Foundation/Http/Middleware/ValidatePostSize.php(27): Illuminate\\Pipeline\\Pipeline->Illuminate\\Pipeline\\{closure}()
#52 /home/cuk/project/web/sekolah/WS_WEB/Minggu_6/login_auth/vendor/laravel/framework/src/Illuminate/Pipeline/Pipeline.php(180): Illuminate\\Foundation\\Http\\Middleware\\ValidatePostSize->handle()
#53 /home/cuk/project/web/sekolah/WS_WEB/Minggu_6/login_auth/vendor/laravel/framework/src/Illuminate/Foundation/Http/Middleware/PreventRequestsDuringMaintenance.php(86): Illuminate\\Pipeline\\Pipeline->Illuminate\\Pipeline\\{closure}()
#54 /home/cuk/project/web/sekolah/WS_WEB/Minggu_6/login_auth/vendor/laravel/framework/src/Illuminate/Pipeline/Pipeline.php(180): Illuminate\\Foundation\\Http\\Middleware\\PreventRequestsDuringMaintenance->handle()
#55 /home/cuk/project/web/sekolah/WS_WEB/Minggu_6/login_auth/vendor/laravel/framework/src/Illuminate/Http/Middleware/HandleCors.php(49): Illuminate\\Pipeline\\Pipeline->Illuminate\\Pipeline\\{closure}()
#56 /home/cuk/project/web/sekolah/WS_WEB/Minggu_6/login_auth/vendor/laravel/framework/src/Illuminate/Pipeline/Pipeline.php(180): Illuminate\\Http\\Middleware\\HandleCors->handle()
#57 /home/cuk/project/web/sekolah/WS_WEB/Minggu_6/login_auth/vendor/laravel/framework/src/Illuminate/Http/Middleware/TrustProxies.php(39): Illuminate\\Pipeline\\Pipeline->Illuminate\\Pipeline\\{closure}()
#58 /home/cuk/project/web/sekolah/WS_WEB/Minggu_6/login_auth/vendor/laravel/framework/src/Illuminate/Pipeline/Pipeline.php(180): Illuminate\\Http\\Middleware\\TrustProxies->handle()
#59 /home/cuk/project/web/sekolah/WS_WEB/Minggu_6/login_auth/vendor/laravel/framework/src/Illuminate/Pipeline/Pipeline.php(116): Illuminate\\Pipeline\\Pipeline->Illuminate\\Pipeline\\{closure}()
#60 /home/cuk/project/web/sekolah/WS_WEB/Minggu_6/login_auth/vendor/laravel/framework/src/Illuminate/Foundation/Http/Kernel.php(175): Illuminate\\Pipeline\\Pipeline->then()
#61 /home/cuk/project/web/sekolah/WS_WEB/Minggu_6/login_auth/vendor/laravel/framework/src/Illuminate/Foundation/Http/Kernel.php(144): Illuminate\\Foundation\\Http\\Kernel->sendRequestThroughRouter()
#62 /home/cuk/project/web/sekolah/WS_WEB/Minggu_6/login_auth/public/index.php(51): Illuminate\\Foundation\\Http\\Kernel->handle()
#63 /home/cuk/project/web/sekolah/WS_WEB/Minggu_6/login_auth/vendor/laravel/framework/src/Illuminate/Foundation/resources/server.php(16): require_once('...')
#64 {main}

[previous exception] [object] (PDOException(code: 42S02): SQLSTATE[42S02]: Base table or view not found: 1146 Table 'login_auth.users' doesn't exist at /home/cuk/project/web/sekolah/WS_WEB/Minggu_6/login_auth/vendor/laravel/framework/src/Illuminate/Database/Connection.php:414)
[stacktrace]
#0 /home/cuk/project/web/sekolah/WS_WEB/Minggu_6/login_auth/vendor/laravel/framework/src/Illuminate/Database/Connection.php(414): PDO->prepare()
#1 /home/cuk/project/web/sekolah/WS_WEB/Minggu_6/login_auth/vendor/laravel/framework/src/Illuminate/Database/Connection.php(753): Illuminate\\Database\\Connection->Illuminate\\Database\\{closure}()
#2 /home/cuk/project/web/sekolah/WS_WEB/Minggu_6/login_auth/vendor/laravel/framework/src/Illuminate/Database/Connection.php(720): Illuminate\\Database\\Connection->runQueryCallback()
#3 /home/cuk/project/web/sekolah/WS_WEB/Minggu_6/login_auth/vendor/laravel/framework/src/Illuminate/Database/Connection.php(405): Illuminate\\Database\\Connection->run()
#4 /home/cuk/project/web/sekolah/WS_WEB/Minggu_6/login_auth/vendor/laravel/framework/src/Illuminate/Database/Query/Builder.php(2718): Illuminate\\Database\\Connection->select()
#5 /home/cuk/project/web/sekolah/WS_WEB/Minggu_6/login_auth/vendor/laravel/framework/src/Illuminate/Database/Query/Builder.php(2707): Illuminate\\Database\\Query\\Builder->runSelect()
#6 /home/cuk/project/web/sekolah/WS_WEB/Minggu_6/login_auth/vendor/laravel/framework/src/Illuminate/Database/Query/Builder.php(3247): Illuminate\\Database\\Query\\Builder->Illuminate\\Database\\Query\\{closure}()
#7 /home/cuk/project/web/sekolah/WS_WEB/Minggu_6/login_auth/vendor/laravel/framework/src/Illuminate/Database/Query/Builder.php(2706): Illuminate\\Database\\Query\\Builder->onceWithColumns()
#8 /home/cuk/project/web/sekolah/WS_WEB/Minggu_6/login_auth/vendor/laravel/framework/src/Illuminate/Database/Query/Builder.php(3174): Illuminate\\Database\\Query\\Builder->get()
#9 /home/cuk/project/web/sekolah/WS_WEB/Minggu_6/login_auth/vendor/laravel/framework/src/Illuminate/Database/Query/Builder.php(3102): Illuminate\\Database\\Query\\Builder->aggregate()
#10 /home/cuk/project/web/sekolah/WS_WEB/Minggu_6/login_auth/vendor/laravel/framework/src/Illuminate/Validation/DatabasePresenceVerifier.php(54): Illuminate\\Database\\Query\\Builder->count()
#11 /home/cuk/project/web/sekolah/WS_WEB/Minggu_6/login_auth/vendor/laravel/framework/src/Illuminate/Validation/Concerns/ValidatesAttributes.php(925): Illuminate\\Validation\\DatabasePresenceVerifier->getCount()
#12 /home/cuk/project/web/sekolah/WS_WEB/Minggu_6/login_auth/vendor/laravel/framework/src/Illuminate/Validation/Validator.php(616): Illuminate\\Validation\\Validator->validateUnique()
#13 /home/cuk/project/web/sekolah/WS_WEB/Minggu_6/login_auth/vendor/laravel/framework/src/Illuminate/Validation/Validator.php(422): Illuminate\\Validation\\Validator->validateAttribute()
#14 /home/cuk/project/web/sekolah/WS_WEB/Minggu_6/login_auth/vendor/laravel/framework/src/Illuminate/Validation/Validator.php(453): Illuminate\\Validation\\Validator->passes()
#15 /home/cuk/project/web/sekolah/WS_WEB/Minggu_6/login_auth/vendor/laravel/framework/src/Illuminate/Validation/Validator.php(495): Illuminate\\Validation\\Validator->fails()
#16 /home/cuk/project/web/sekolah/WS_WEB/Minggu_6/login_auth/vendor/laravel/framework/src/Illuminate/Foundation/Providers/FoundationServiceProvider.php(122): Illuminate\\Validation\\Validator->validate()
#17 /home/cuk/project/web/sekolah/WS_WEB/Minggu_6/login_auth/vendor/laravel/framework/src/Illuminate/Macroable/Traits/Macroable.php(124): Illuminate\\Http\\Request->Illuminate\\Foundation\\Providers\\{closure}()
#18 /home/cuk/project/web/sekolah/WS_WEB/Minggu_6/login_auth/app/Http/Controllers/Auth/RegisteredUserController.php(33): Illuminate\\Http\\Request->__call()
#19 /home/cuk/project/web/sekolah/WS_WEB/Minggu_6/login_auth/vendor/laravel/framework/src/Illuminate/Routing/Controller.php(54): App\\Http\\Controllers\\Auth\\RegisteredUserController->store()
#20 /home/cuk/project/web/sekolah/WS_WEB/Minggu_6/login_auth/vendor/laravel/framework/src/Illuminate/Routing/ControllerDispatcher.php(43): Illuminate\\Routing\\Controller->callAction()
#21 /home/cuk/project/web/sekolah/WS_WEB/Minggu_6/login_auth/vendor/laravel/framework/src/Illuminate/Routing/Route.php(259): Illuminate\\Routing\\ControllerDispatcher->dispatch()
#22 /home/cuk/project/web/sekolah/WS_WEB/Minggu_6/login_auth/vendor/laravel/framework/src/Illuminate/Routing/Route.php(205): Illuminate\\Routing\\Route->runController()
#23 /home/cuk/project/web/sekolah/WS_WEB/Minggu_6/login_auth/vendor/laravel/framework/src/Illuminate/Routing/Router.php(798): Illuminate\\Routing\\Route->run()
#24 /home/cuk/project/web/sekolah/WS_WEB/Minggu_6/login_auth/vendor/laravel/framework/src/Illuminate/Pipeline/Pipeline.php(141): Illuminate\\Routing\\Router->Illuminate\\Routing\\{closure}()
#25 /home/cuk/project/web/sekolah/WS_WEB/Minggu_6/login_auth/app/Http/Middleware/RedirectIfAuthenticated.php(28): Illuminate\\Pipeline\\Pipeline->Illuminate\\Pipeline\\{closure}()
#26 /home/cuk/project/web/sekolah/WS_WEB/Minggu_6/login_auth/vendor/laravel/framework/src/Illuminate/Pipeline/Pipeline.php(180): App\\Http\\Middleware\\RedirectIfAuthenticated->handle()
#27 /home/cuk/project/web/sekolah/WS_WEB/Minggu_6/login_auth/vendor/laravel/framework/src/Illuminate/Routing/Middleware/SubstituteBindings.php(50): Illuminate\\Pipeline\\Pipeline->Illuminate\\Pipeline\\{closure}()
#28 /home/cuk/project/web/sekolah/WS_WEB/Minggu_6/login_auth/vendor/laravel/framework/src/Illuminate/Pipeline/Pipeline.php(180): Illuminate\\Routing\\Middleware\\SubstituteBindings->handle()
#29 /home/cuk/project/web/sekolah/WS_WEB/Minggu_6/login_auth/vendor/laravel/framework/src/Illuminate/Foundation/Http/Middleware/VerifyCsrfToken.php(78): Illuminate\\Pipeline\\Pipeline->Illuminate\\Pipeline\\{closure}()
#30 /home/cuk/project/web/sekolah/WS_WEB/Minggu_6/login_auth/vendor/laravel/framework/src/Illuminate/Pipeline/Pipeline.php(180): Illuminate\\Foundation\\Http\\Middleware\\VerifyCsrfToken->handle()
#31 /home/cuk/project/web/sekolah/WS_WEB/Minggu_6/login_auth/vendor/laravel/framework/src/Illuminate/View/Middleware/ShareErrorsFromSession.php(49): Illuminate\\Pipeline\\Pipeline->Illuminate\\Pipeline\\{closure}()
#32 /home/cuk/project/web/sekolah/WS_WEB/Minggu_6/login_auth/vendor/laravel/framework/src/Illuminate/Pipeline/Pipeline.php(180): Illuminate\\View\\Middleware\\ShareErrorsFromSession->handle()
#33 /home/cuk/project/web/sekolah/WS_WEB/Minggu_6/login_auth/vendor/laravel/framework/src/Illuminate/Session/Middleware/StartSession.php(121): Illuminate\\Pipeline\\Pipeline->Illuminate\\Pipeline\\{closure}()
#34 /home/cuk/project/web/sekolah/WS_WEB/Minggu_6/login_auth/vendor/laravel/framework/src/Illuminate/Session/Middleware/StartSession.php(64): Illuminate\\Session\\Middleware\\StartSession->handleStatefulRequest()
#35 /home/cuk/project/web/sekolah/WS_WEB/Minggu_6/login_auth/vendor/laravel/framework/src/Illuminate/Pipeline/Pipeline.php(180): Illuminate\\Session\\Middleware\\StartSession->handle()
#36 /home/cuk/project/web/sekolah/WS_WEB/Minggu_6/login_auth/vendor/laravel/framework/src/Illuminate/Cookie/Middleware/AddQueuedCookiesToResponse.php(37): Illuminate\\Pipeline\\Pipeline->Illuminate\\Pipeline\\{closure}()
#37 /home/cuk/project/web/sekolah/WS_WEB/Minggu_6/login_auth/vendor/laravel/framework/src/Illuminate/Pipeline/Pipeline.php(180): Illuminate\\Cookie\\Middleware\\AddQueuedCookiesToResponse->handle()
#38 /home/cuk/project/web/sekolah/WS_WEB/Minggu_6/login_auth/vendor/laravel/framework/src/Illuminate/Cookie/Middleware/EncryptCookies.php(67): Illuminate\\Pipeline\\Pipeline->Illuminate\\Pipeline\\{closure}()
#39 /home/cuk/project/web/sekolah/WS_WEB/Minggu_6/login_auth/vendor/laravel/framework/src/Illuminate/Pipeline/Pipeline.php(180): Illuminate\\Cookie\\Middleware\\EncryptCookies->handle()
#40 /home/cuk/project/web/sekolah/WS_WEB/Minggu_6/login_auth/vendor/laravel/framework/src/Illuminate/Pipeline/Pipeline.php(116): Illuminate\\Pipeline\\Pipeline->Illuminate\\Pipeline\\{closure}()
#41 /home/cuk/project/web/sekolah/WS_WEB/Minggu_6/login_auth/vendor/laravel/framework/src/Illuminate/Routing/Router.php(797): Illuminate\\Pipeline\\Pipeline->then()
#42 /home/cuk/project/web/sekolah/WS_WEB/Minggu_6/login_auth/vendor/laravel/framework/src/Illuminate/Routing/Router.php(776): Illuminate\\Routing\\Router->runRouteWithinStack()
#43 /home/cuk/project/web/sekolah/WS_WEB/Minggu_6/login_auth/vendor/laravel/framework/src/Illuminate/Routing/Router.php(740): Illuminate\\Routing\\Router->runRoute()
#44 /home/cuk/project/web/sekolah/WS_WEB/Minggu_6/login_auth/vendor/laravel/framework/src/Illuminate/Routing/Router.php(729): Illuminate\\Routing\\Router->dispatchToRoute()
#45 /home/cuk/project/web/sekolah/WS_WEB/Minggu_6/login_auth/vendor/laravel/framework/src/Illuminate/Foundation/Http/Kernel.php(200): Illuminate\\Routing\\Router->dispatch()
#46 /home/cuk/project/web/sekolah/WS_WEB/Minggu_6/login_auth/vendor/laravel/framework/src/Illuminate/Pipeline/Pipeline.php(141): Illuminate\\Foundation\\Http\\Kernel->Illuminate\\Foundation\\Http\\{closure}()
#47 /home/cuk/project/web/sekolah/WS_WEB/Minggu_6/login_auth/vendor/laravel/framework/src/Illuminate/Foundation/Http/Middleware/TransformsRequest.php(21): Illuminate\\Pipeline\\Pipeline->Illuminate\\Pipeline\\{closure}()
#48 /home/cuk/project/web/sekolah/WS_WEB/Minggu_6/login_auth/vendor/laravel/framework/src/Illuminate/Foundation/Http/Middleware/ConvertEmptyStringsToNull.php(31): Illuminate\\Foundation\\Http\\Middleware\\TransformsRequest->handle()
#49 /home/cuk/project/web/sekolah/WS_WEB/Minggu_6/login_auth/vendor/laravel/framework/src/Illuminate/Pipeline/Pipeline.php(180): Illuminate\\Foundation\\Http\\Middleware\\ConvertEmptyStringsToNull->handle()
#50 /home/cuk/project/web/sekolah/WS_WEB/Minggu_6/login_auth/vendor/laravel/framework/src/Illuminate/Foundation/Http/Middleware/TransformsRequest.php(21): Illuminate\\Pipeline\\Pipeline->Illuminate\\Pipeline\\{closure}()
#51 /home/cuk/project/web/sekolah/WS_WEB/Minggu_6/login_auth/vendor/laravel/framework/src/Illuminate/Foundation/Http/Middleware/TrimStrings.php(40): Illuminate\\Foundation\\Http\\Middleware\\TransformsRequest->handle()
#52 /home/cuk/project/web/sekolah/WS_WEB/Minggu_6/login_auth/vendor/laravel/framework/src/Illuminate/Pipeline/Pipeline.php(180): Illuminate\\Foundation\\Http\\Middleware\\TrimStrings->handle()
#53 /home/cuk/project/web/sekolah/WS_WEB/Minggu_6/login_auth/vendor/laravel/framework/src/Illuminate/Foundation/Http/Middleware/ValidatePostSize.php(27): Illuminate\\Pipeline\\Pipeline->Illuminate\\Pipeline\\{closure}()
#54 /home/cuk/project/web/sekolah/WS_WEB/Minggu_6/login_auth/vendor/laravel/framework/src/Illuminate/Pipeline/Pipeline.php(180): Illuminate\\Foundation\\Http\\Middleware\\ValidatePostSize->handle()
#55 /home/cuk/project/web/sekolah/WS_WEB/Minggu_6/login_auth/vendor/laravel/framework/src/Illuminate/Foundation/Http/Middleware/PreventRequestsDuringMaintenance.php(86): Illuminate\\Pipeline\\Pipeline->Illuminate\\Pipeline\\{closure}()
#56 /home/cuk/project/web/sekolah/WS_WEB/Minggu_6/login_auth/vendor/laravel/framework/src/Illuminate/Pipeline/Pipeline.php(180): Illuminate\\Foundation\\Http\\Middleware\\PreventRequestsDuringMaintenance->handle()
#57 /home/cuk/project/web/sekolah/WS_WEB/Minggu_6/login_auth/vendor/laravel/framework/src/Illuminate/Http/Middleware/HandleCors.php(49): Illuminate\\Pipeline\\Pipeline->Illuminate\\Pipeline\\{closure}()
#58 /home/cuk/project/web/sekolah/WS_WEB/Minggu_6/login_auth/vendor/laravel/framework/src/Illuminate/Pipeline/Pipeline.php(180): Illuminate\\Http\\Middleware\\HandleCors->handle()
#59 /home/cuk/project/web/sekolah/WS_WEB/Minggu_6/login_auth/vendor/laravel/framework/src/Illuminate/Http/Middleware/TrustProxies.php(39): Illuminate\\Pipeline\\Pipeline->Illuminate\\Pipeline\\{closure}()
#60 /home/cuk/project/web/sekolah/WS_WEB/Minggu_6/login_auth/vendor/laravel/framework/src/Illuminate/Pipeline/Pipeline.php(180): Illuminate\\Http\\Middleware\\TrustProxies->handle()
#61 /home/cuk/project/web/sekolah/WS_WEB/Minggu_6/login_auth/vendor/laravel/framework/src/Illuminate/Pipeline/Pipeline.php(116): Illuminate\\Pipeline\\Pipeline->Illuminate\\Pipeline\\{closure}()
#62 /home/cuk/project/web/sekolah/WS_WEB/Minggu_6/login_auth/vendor/laravel/framework/src/Illuminate/Foundation/Http/Kernel.php(175): Illuminate\\Pipeline\\Pipeline->then()
#63 /home/cuk/project/web/sekolah/WS_WEB/Minggu_6/login_auth/vendor/laravel/framework/src/Illuminate/Foundation/Http/Kernel.php(144): Illuminate\\Foundation\\Http\\Kernel->sendRequestThroughRouter()
#64 /home/cuk/project/web/sekolah/WS_WEB/Minggu_6/login_auth/public/index.php(51): Illuminate\\Foundation\\Http\\Kernel->handle()
#65 /home/cuk/project/web/sekolah/WS_WEB/Minggu_6/login_auth/vendor/laravel/framework/src/Illuminate/Foundation/resources/server.php(16): require_once('...')
#66 {main}
"} 
